<?xml version="1.0" encoding="UTF-8"?>
<testng-results ignored="0" total="1" passed="1" failed="0" skipped="0">
  <reporter-output>
  </reporter-output>
  <suite started-at="2026-06-12T00:22:46 IST" name="Provider Suite" finished-at="2026-06-12T00:23:45 IST" duration-ms="59145">
    <groups>
    </groups>
    <test started-at="2026-06-12T00:22:46 IST" name="Provider Tests" finished-at="2026-06-12T00:23:45 IST" duration-ms="59145">
      <class name="com.abhinay.automation.tests.AddProviderTest">
        <test-method is-config="true" signature="setUp()[pri:0, instance:com.abhinay.automation.tests.AddProviderTest@5a955565]" started-at="2026-06-12T00:22:46 IST" name="setUp" finished-at="2026-06-12T00:23:03 IST" duration-ms="17045" status="PASS">
          <reporter-output>
          </reporter-output>
        </test-method> <!-- setUp -->
        <test-method signature="verifyProviderCanBeAdded()[pri:0, instance:com.abhinay.automation.tests.AddProviderTest@5a955565]" started-at="2026-06-12T00:23:03 IST" name="verifyProviderCanBeAdded" finished-at="2026-06-12T00:23:44 IST" duration-ms="41318" status="PASS">
          <reporter-output>
          </reporter-output>
        </test-method> <!-- verifyProviderCanBeAdded -->
        <test-method is-config="true" signature="tearDown()[pri:0, instance:com.abhinay.automation.tests.AddProviderTest@5a955565]" started-at="2026-06-12T00:23:44 IST" name="tearDown" finished-at="2026-06-12T00:23:45 IST" duration-ms="725" status="PASS">
          <reporter-output>
          </reporter-output>
        </test-method> <!-- tearDown -->
      </class> <!-- com.abhinay.automation.tests.AddProviderTest -->
    </test> <!-- Provider Tests -->
  </suite> <!-- Provider Suite -->
</testng-results>
