<?xml version="1.0" encoding="UTF-8"?>
<testng-results ignored="0" total="1" passed="1" failed="0" skipped="0">
  <reporter-output>
  </reporter-output>
  <suite started-at="2026-06-12T00:06:07 IST" name="Surefire suite" finished-at="2026-06-12T00:07:11 IST" duration-ms="63075">
    <groups>
    </groups>
    <test started-at="2026-06-12T00:06:07 IST" name="Surefire test" finished-at="2026-06-12T00:07:11 IST" duration-ms="63075">
      <class name="com.abhinay.automation.tests.AddProviderTest">
        <test-method is-config="true" signature="setUp()[pri:0, instance:com.abhinay.automation.tests.AddProviderTest@351d0846]" started-at="2026-06-12T00:06:08 IST" name="setUp" finished-at="2026-06-12T00:06:28 IST" duration-ms="20557" status="PASS">
          <reporter-output>
          </reporter-output>
        </test-method> <!-- setUp -->
        <test-method signature="verifyProviderCanBeAdded()[pri:0, instance:com.abhinay.automation.tests.AddProviderTest@351d0846]" started-at="2026-06-12T00:06:28 IST" name="verifyProviderCanBeAdded" finished-at="2026-06-12T00:07:10 IST" duration-ms="41751" status="PASS">
          <reporter-output>
          </reporter-output>
        </test-method> <!-- verifyProviderCanBeAdded -->
        <test-method is-config="true" signature="tearDown()[pri:0, instance:com.abhinay.automation.tests.AddProviderTest@351d0846]" started-at="2026-06-12T00:07:10 IST" name="tearDown" finished-at="2026-06-12T00:07:11 IST" duration-ms="685" status="PASS">
          <reporter-output>
          </reporter-output>
        </test-method> <!-- tearDown -->
      </class> <!-- com.abhinay.automation.tests.AddProviderTest -->
    </test> <!-- Surefire test -->
  </suite> <!-- Surefire suite -->
</testng-results>
