<?xml version="1.0" encoding="UTF-8"?>
<testsuite xmlns:xsi="http://www.w3.org/2001/XMLSchema-instance" xsi:noNamespaceSchemaLocation="https://maven.apache.org/surefire/maven-surefire-plugin/xsd/surefire-test-report-3.0.xsd" version="3.0" name="TestSuite" time="63.834" tests="1" errors="0" skipped="0" failures="0">
  <properties>
[...]
</properties>
  <testcase name="verifyProviderCanBeAdded" classname="com.abhinay.automation.tests.AddProviderTest" time="41.749">
    <system-out><![CDATA[Dashboard loaded successfully
Provider exists → continuing onboarding
Basic Information Page Loaded
Clicked TYPE
]]></system-out>
  </testcase>
</testsuite>